<?xml version="1.0" encoding="UTF-8"?>
<testng-results skipped="0" failed="0" total="1" passed="1">
  <reporter-output>
  </reporter-output>
  <suite name="Suite" duration-ms="20614" started-at="2016-05-04T18:27:49Z" finished-at="2016-05-04T18:28:10Z">
    <groups>
    </groups>
    <test name="Test" duration-ms="20614" started-at="2016-05-04T18:27:49Z" finished-at="2016-05-04T18:28:10Z">
      <class name="com.dakinfotech.maventutorialtutor.TutorialsPoint">
        <test-method status="PASS" signature="test1()[pri:0, instance:com.dakinfotech.maventutorialtutor.TutorialsPoint@28f67ac7]" name="test1" duration-ms="20596" started-at="2016-05-04T23:57:49Z" finished-at="2016-05-04T23:58:10Z">
          <reporter-output>
          </reporter-output>
        </test-method> <!-- test1 -->
      </class> <!-- com.dakinfotech.maventutorialtutor.TutorialsPoint -->
    </test> <!-- Test -->
  </suite> <!-- Suite -->
</testng-results>
